
========================================
[2026-07-13 12:03:04.505] 系统环境信息
========================================
[2026-07-13 12:03:04.564] 系统: Linux localhost 4.14.186-perf-00282-g937895300d86 #1 SMP PREEMPT Mon Sep 19 10:21:33 CST 2022 aarch64 Android
[2026-07-13 12:03:04.609] 内核: 4.14.186-perf-00282-g937895300d86
[2026-07-13 12:03:04.658] 架构: aarch64
[2026-07-13 12:03:04.704] 系统版本: 
[2026-07-13 12:03:04.752] 终端: /dev/pts/27
[2026-07-13 12:03:04.829] 用户: u0_a228 (UID: 10228)
[2026-07-13 12:03:04.859] 当前目录: /data/data/com.termux/files/home/NoWin
[2026-07-13 12:03:04.887] 脚本路径: /data/data/com.termux/files/usr/bin/nowin
[2026-07-13 12:03:04.913] Shell: /data/data/com.termux/files/usr/bin/bash (版本: 5.3.8(1)-release)
[2026-07-13 12:03:04.939] 变量: HOME = /data/data/com.termux/files/home
[2026-07-13 12:03:04.958] 变量: PREFIX = /data/data/com.termux/files/usr
[2026-07-13 12:03:04.981] 变量: PATH = /data/data/com.termux/files/home/.nasyt:/data/data/com.termux/files/usr/bin

========================================
[2026-07-13 12:03:05.048] 依赖检查
========================================
[2026-07-13 12:03:05.162] ✅ curl: curl 8.17.0 (aarch64-unknown-linux-android) libcurl/8.17.0 OpenSSL/3.6.0 zlib/1.3.1 libssh2/1.11.1 nghttp2/1.68.0 nghttp3/1.13.1
[2026-07-13 12:03:05.439] ✅ chafa: Chafa version 1.18.2

========================================
[2026-07-13 12:03:05.497] 配置参数
========================================
[2026-07-13 12:03:05.542] 变量: SPEED = 0.00000001
[2026-07-13 12:03:05.574] 变量: LINES = 44
[2026-07-13 12:03:05.604] 变量: COLOR = 32
[2026-07-13 12:03:05.627] 变量: R18 = false

========================================
[2026-07-13 12:03:05.693] 调用信息
========================================
[2026-07-13 12:03:05.738] 命令: /data/data/com.termux/files/usr/bin/nowin -i
[2026-07-13 12:03:05.762] 参数个数: 1
[2026-07-13 12:03:05.805] 参数 1: -i

========================================
[2026-07-13 12:03:05.862] 开始执行: show_image()
========================================
[2026-07-13 12:03:05.945] 时间戳: 1783915385
[2026-07-13 12:03:05.968] 开始拉取随机图片
[2026-07-13 12:03:06.007] 变量: tmp_img = /data/data/com.termux/files/home/nowin_1783915385_28658.jpg
[2026-07-13 12:03:06.034] 变量: img_url = https://api.lolicon.app/setu/v2?r18=0&num=1
[2026-07-13 12:03:06.055] 请求 API: https://api.lolicon.app/setu/v2?r18=0&num=1
[2026-07-13 12:03:07.224] curl 退出码: 0
[2026-07-13 12:03:07.254] 请求耗时: 1126ms
[2026-07-13 12:03:07.293] 提取图片链接...
[2026-07-13 12:03:07.351] 变量: img_url_final = https://i.pixiv.re/img-original/img/2014/02/25/02/30/16/41857202_p0.jpg
[2026-07-13 12:03:07.383] 下载图片: https://i.pixiv.re/img-original/img/2014/02/25/02/30/16/41857202_p0.jpg
[2026-07-13 12:03:13.649] 下载退出码: 0
[2026-07-13 12:03:13.673] 下载耗时: 6214ms
[2026-07-13 12:03:13.737] 文件大小: 830K
[2026-07-13 12:03:13.773] ✅ 图片加载成功
[2026-07-13 12:03:13.802] 执行 chafa -s 50x20 /data/data/com.termux/files/home/nowin_1783915385_28658.jpg
[2026-07-13 12:03:14.021] chafa 退出码: 0
[2026-07-13 12:03:14.049] 清理临时文件: /data/data/com.termux/files/home/nowin_1783915385_28658.jpg

========================================
[2026-07-13 12:03:14.142] show_image() 执行完毕
========================================

========================================
[2026-07-13 12:03:14.232] NoWin 退出
========================================
