
========================================
[2026-07-13 12:07:40.880] 系统环境信息
========================================
[2026-07-13 12:07:40.918] 系统: Linux localhost 4.14.186-perf-00282-g937895300d86 #1 SMP PREEMPT Mon Sep 19 10:21:33 CST 2022 aarch64 Android
[2026-07-13 12:07:40.956] 内核: 4.14.186-perf-00282-g937895300d86
[2026-07-13 12:07:40.996] 架构: aarch64
[2026-07-13 12:07:41.038] 系统版本: 
[2026-07-13 12:07:41.077] 终端: /dev/pts/27
[2026-07-13 12:07:41.137] 用户: u0_a228 (UID: 10228)
[2026-07-13 12:07:41.158] 当前目录: /data/data/com.termux/files/home/NoWin
[2026-07-13 12:07:41.178] 脚本路径: /data/data/com.termux/files/usr/bin/nowin
[2026-07-13 12:07:41.199] Shell: /data/data/com.termux/files/usr/bin/bash (版本: 5.3.8(1)-release)
[2026-07-13 12:07:41.219] 变量: HOME = /data/data/com.termux/files/home
[2026-07-13 12:07:41.238] 变量: PREFIX = /data/data/com.termux/files/usr
[2026-07-13 12:07:41.258] 变量: PATH = /data/data/com.termux/files/home/.nasyt:/data/data/com.termux/files/usr/bin

========================================
[2026-07-13 12:07:41.278] 依赖检查
========================================
[2026-07-13 12:07:41.373] ✅ curl: curl 8.17.0 (aarch64-unknown-linux-android) libcurl/8.17.0 OpenSSL/3.6.0 zlib/1.3.1 libssh2/1.11.1 nghttp2/1.68.0 nghttp3/1.13.1
[2026-07-13 12:07:41.660] ✅ chafa: Chafa version 1.18.2

========================================
[2026-07-13 12:07:41.685] 配置参数
========================================
[2026-07-13 12:07:41.706] 变量: SPEED = 0.00000001
[2026-07-13 12:07:41.718] 变量: LINES = 100000000000
[2026-07-13 12:07:41.731] 变量: COLOR = 32
[2026-07-13 12:07:41.744] 变量: R18 = false

========================================
[2026-07-13 12:07:41.761] 调用信息
========================================
[2026-07-13 12:07:41.775] 命令: /data/data/com.termux/files/usr/bin/nowin -i
[2026-07-13 12:07:41.791] 参数个数: 1
[2026-07-13 12:07:41.834] 参数 1: -i

========================================
[2026-07-13 12:07:41.850] 开始执行: show_image()
========================================
[2026-07-13 12:07:41.874] 时间戳: 1783915661
[2026-07-13 12:07:41.887] 开始拉取随机图片
[2026-07-13 12:07:41.912] 变量: tmp_img = /data/data/com.termux/files/home/nowin_1783915661_8175.jpg
[2026-07-13 12:07:41.951] 变量: img_url = https://api.lolicon.app/setu/v2?r18=0&num=1
[2026-07-13 12:07:41.966] 请求 API: https://api.lolicon.app/setu/v2?r18=0&num=1
[2026-07-13 12:07:43.187] curl 退出码: 0
[2026-07-13 12:07:43.225] 请求耗时: 1149ms
[2026-07-13 12:07:43.255] 提取图片链接...
[2026-07-13 12:07:43.341] 变量: img_url_final = https://i.pixiv.re/img-original/img/2025/11/17/00/55/58/137562123_p2.jpg
[2026-07-13 12:07:43.370] 下载图片: https://i.pixiv.re/img-original/img/2025/11/17/00/55/58/137562123_p2.jpg
[2026-07-13 12:07:47.587] 下载退出码: 0
[2026-07-13 12:07:47.598] 下载耗时: 4170ms
[2026-07-13 12:07:47.631] 文件大小: 1.4M
[2026-07-13 12:07:47.642] ✅ 图片加载成功
[2026-07-13 12:07:47.653] 执行 chafa -s 50x20 /data/data/com.termux/files/home/nowin_1783915661_8175.jpg
[2026-07-13 12:07:47.913] chafa 退出码: 0
[2026-07-13 12:07:47.927] 清理临时文件: /data/data/com.termux/files/home/nowin_1783915661_8175.jpg

========================================
[2026-07-13 12:07:47.951] show_image() 执行完毕
========================================

========================================
[2026-07-13 12:07:47.964] NoWin 退出
========================================
